[2017-11-05 09:36:59] main.CRITICAL: LogicException: Property "DefaultShipping" does not have corresponding setter in class "Magento\Quote\Api\Data\AddressInterface". in /home/whitespacestudio/public_html/freshbox/api/vendor/magento/framework/Reflection/NameFinder.php:100
Stack trace:
#0 /home/whitespacestudio/public_html/freshbox/api/vendor/magento/framework/Reflection/NameFinder.php(59): Magento\Framework\Reflection\NameFinder->findAccessorMethodName(Object(Zend\Code\Reflection\ClassReflection), 'DefaultShipping', 'getDefaultShipp...', 'isDefaultShippi...')
#1 /home/whitespacestudio/public_html/freshbox/api/vendor/magento/framework/Webapi/ServiceInputProcessor.php(158): Magento\Framework\Reflection\NameFinder->getGetterMethodName(Object(Zend\Code\Reflection\ClassReflection), 'DefaultShipping')
#2 /home/whitespacestudio/public_html/freshbox/api/vendor/magento/framework/Webapi/ServiceInputProcessor.php(322): Magento\Framework\Webapi\ServiceInputProcessor->_createFromArray('\\Magento\\Quote\\...', Array)
#3 /home/whitespacestudio/public_html/freshbox/api/vendor/magento/framework/Webapi/ServiceInputProcessor.php(175): Magento\Framework\Webapi\ServiceInputProcessor->convertValue(Array, '\\Magento\\Quote\\...')
#4 /home/whitespacestudio/public_html/freshbox/api/vendor/magento/framework/Webapi/ServiceInputProcessor.php(322): Magento\Framework\Webapi\ServiceInputProcessor->_createFromArray('Magento\\Checkou...', Array)
#5 /home/whitespacestudio/public_html/freshbox/api/vendor/magento/framework/Webapi/ServiceInputProcessor.php(119): Magento\Framework\Webapi\ServiceInputProcessor->convertValue(Array, 'Magento\\Checkou...')
#6 /home/whitespacestudio/public_html/freshbox/api/vendor/magento/module-webapi/Controller/Rest/InputParamsResolver.php(101): Magento\Framework\Webapi\ServiceInputProcessor->process('Magento\\Checkou...', 'saveAddressInfo...', Array)
#7 /home/whitespacestudio/public_html/freshbox/api/vendor/magento/module-webapi/Controller/Rest.php(299): Magento\Webapi\Controller\Rest\InputParamsResolver->resolve()
#8 /home/whitespacestudio/public_html/freshbox/api/vendor/magento/module-webapi/Controller/Rest.php(216): Magento\Webapi\Controller\Rest->processApiRequest()
#9 /home/whitespacestudio/public_html/freshbox/api/vendor/magento/framework/Interception/Interceptor.php(146): Magento\Webapi\Controller\Rest->dispatch(Object(Magento\Framework\App\Request\Http))
#10 /home/whitespacestudio/public_html/freshbox/api/var/generation/Magento/Webapi/Controller/Rest/Interceptor.php(39): Magento\Webapi\Controller\Rest\Interceptor->___callPlugins('dispatch', Array, Array)
#11 /home/whitespacestudio/public_html/freshbox/api/vendor/magento/framework/App/Http.php(135): Magento\Webapi\Controller\Rest\Interceptor->dispatch(Object(Magento\Framework\App\Request\Http))
#12 /home/whitespacestudio/public_html/freshbox/api/vendor/magento/framework/App/Bootstrap.php(258): Magento\Framework\App\Http->launch()
#13 /home/whitespacestudio/public_html/freshbox/api/index.php(39): Magento\Framework\App\Bootstrap->run(Object(Magento\Framework\App\Http))
#14 {main}

Next Exception: Report ID: webapi-59fedbbbab446; Message: Property "DefaultShipping" does not have corresponding setter in class "Magento\Quote\Api\Data\AddressInterface". in /home/whitespacestudio/public_html/freshbox/api/vendor/magento/framework/Webapi/ErrorProcessor.php:195
Stack trace:
#0 /home/whitespacestudio/public_html/freshbox/api/vendor/magento/framework/Webapi/ErrorProcessor.php(139): Magento\Framework\Webapi\ErrorProcessor->_critical(Object(LogicException))
#1 /home/whitespacestudio/public_html/freshbox/api/vendor/magento/module-webapi/Controller/Rest.php(219): Magento\Framework\Webapi\ErrorProcessor->maskException(Object(LogicException))
#2 /home/whitespacestudio/public_html/freshbox/api/vendor/magento/framework/Interception/Interceptor.php(146): Magento\Webapi\Controller\Rest->dispatch(Object(Magento\Framework\App\Request\Http))
#3 /home/whitespacestudio/public_html/freshbox/api/var/generation/Magento/Webapi/Controller/Rest/Interceptor.php(39): Magento\Webapi\Controller\Rest\Interceptor->___callPlugins('dispatch', Array, Array)
#4 /home/whitespacestudio/public_html/freshbox/api/vendor/magento/framework/App/Http.php(135): Magento\Webapi\Controller\Rest\Interceptor->dispatch(Object(Magento\Framework\App\Request\Http))
#5 /home/whitespacestudio/public_html/freshbox/api/vendor/magento/framework/App/Bootstrap.php(258): Magento\Framework\App\Http->launch()
#6 /home/whitespacestudio/public_html/freshbox/api/index.php(39): Magento\Framework\App\Bootstrap->run(Object(Magento\Framework\App\Http))
#7 {main} [] []
[2017-11-05 09:38:28] main.CRITICAL: PDOException: SQLSTATE[23000]: Integrity constraint violation: 1452 Cannot add or update a child row: a foreign key constraint fails (`freshbox`.`quote_shipping_rate`, CONSTRAINT `QUOTE_SHIPPING_RATE_ADDRESS_ID_QUOTE_ADDRESS_ADDRESS_ID` FOREIGN KEY (`address_id`) REFERENCES `quote_address` (`address_id`) ON DELETE CASCADE) in /home/whitespacestudio/public_html/freshbox/api/vendor/magento/zendframework1/library/Zend/Db/Statement/Pdo.php:228
Stack trace:
#0 /home/whitespacestudio/public_html/freshbox/api/vendor/magento/zendframework1/library/Zend/Db/Statement/Pdo.php(228): PDOStatement->execute(Array)
#1 /home/whitespacestudio/public_html/freshbox/api/vendor/magento/framework/DB/Statement/Pdo/Mysql.php(95): Zend_Db_Statement_Pdo->_execute(Array)
#2 /home/whitespacestudio/public_html/freshbox/api/vendor/magento/zendframework1/library/Zend/Db/Statement.php(303): Magento\Framework\DB\Statement\Pdo\Mysql->_execute(Array)
#3 /home/whitespacestudio/public_html/freshbox/api/vendor/magento/zendframework1/library/Zend/Db/Adapter/Abstract.php(480): Zend_Db_Statement->execute(Array)
#4 /home/whitespacestudio/public_html/freshbox/api/vendor/magento/zendframework1/library/Zend/Db/Adapter/Pdo/Abstract.php(238): Zend_Db_Adapter_Abstract->query('INSERT INTO `qu...', Array)
#5 /home/whitespacestudio/public_html/freshbox/api/vendor/magento/framework/DB/Adapter/Pdo/Mysql.php(465): Zend_Db_Adapter_Pdo_Abstract->query('INSERT INTO `qu...', Array)
#6 /home/whitespacestudio/public_html/freshbox/api/vendor/magento/framework/DB/Adapter/Pdo/Mysql.php(520): Magento\Framework\DB\Adapter\Pdo\Mysql->_query('INSERT INTO `qu...', Array)
#7 /home/whitespacestudio/public_html/freshbox/api/vendor/magento/zendframework1/library/Zend/Db/Adapter/Abstract.php(576): Magento\Framework\DB\Adapter\Pdo\Mysql->query('INSERT INTO `qu...', Array)
#8 /home/whitespacestudio/public_html/freshbox/api/vendor/magento/framework/Model/ResourceModel/Db/AbstractDb.php(759): Zend_Db_Adapter_Abstract->insert('quote_shipping_...', Array)
#9 /home/whitespacestudio/public_html/freshbox/api/vendor/magento/framework/Model/ResourceModel/Db/AbstractDb.php(405): Magento\Framework\Model\ResourceModel\Db\AbstractDb->saveNewObject(Object(Magento\Quote\Model\Quote\Address\Rate))
#10 /home/whitespacestudio/public_html/freshbox/api/vendor/magento/framework/Model/AbstractModel.php(631): Magento\Framework\Model\ResourceModel\Db\AbstractDb->save(Object(Magento\Quote\Model\Quote\Address\Rate))
#11 /home/whitespacestudio/public_html/freshbox/api/vendor/magento/framework/Model/ResourceModel/Db/Collection/AbstractCollection.php(591): Magento\Framework\Model\AbstractModel->save()
#12 /home/whitespacestudio/public_html/freshbox/api/vendor/magento/module-quote/Model/Quote/Address/Relation.php(27): Magento\Framework\Model\ResourceModel\Db\Collection\AbstractCollection->save()
#13 /home/whitespacestudio/public_html/freshbox/api/vendor/magento/framework/Model/ResourceModel/Db/VersionControl/RelationComposite.php(48): Magento\Quote\Model\Quote\Address\Relation->processRelation(Object(Magento\Quote\Model\Quote\Address))
#14 /home/whitespacestudio/public_html/freshbox/api/vendor/magento/framework/Model/ResourceModel/Db/VersionControl/AbstractDb.php(57): Magento\Framework\Model\ResourceModel\Db\VersionControl\RelationComposite->processRelations(Object(Magento\Quote\Model\Quote\Address))
#15 /home/whitespacestudio/public_html/freshbox/api/vendor/magento/framework/Model/ResourceModel/Db/AbstractDb.php(408): Magento\Framework\Model\ResourceModel\Db\VersionControl\AbstractDb->processAfterSaves(Object(Magento\Quote\Model\Quote\Address))
#16 /home/whitespacestudio/public_html/freshbox/api/vendor/magento/framework/Model/AbstractModel.php(631): Magento\Framework\Model\ResourceModel\Db\AbstractDb->save(Object(Magento\Quote\Model\Quote\Address))
#17 /home/whitespacestudio/public_html/freshbox/api/vendor/magento/framework/Model/ResourceModel/Db/Collection/AbstractCollection.php(591): Magento\Framework\Model\AbstractModel->save()
#18 /home/whitespacestudio/public_html/freshbox/api/vendor/magento/module-quote/Model/Quote/Relation.php(24): Magento\Framework\Model\ResourceModel\Db\Collection\AbstractCollection->save()
#19 /home/whitespacestudio/public_html/freshbox/api/vendor/magento/framework/Model/ResourceModel/Db/VersionControl/RelationComposite.php(48): Magento\Quote\Model\Quote\Relation->processRelation(Object(Magento\Quote\Model\Quote))
#20 /home/whitespacestudio/public_html/freshbox/api/vendor/magento/framework/Model/ResourceModel/Db/VersionControl/AbstractDb.php(57): Magento\Framework\Model\ResourceModel\Db\VersionControl\RelationComposite->processRelations(Object(Magento\Quote\Model\Quote))
#21 /home/whitespacestudio/public_html/freshbox/api/vendor/magento/framework/Model/ResourceModel/Db/AbstractDb.php(408): Magento\Framework\Model\ResourceModel\Db\VersionControl\AbstractDb->processAfterSaves(Object(Magento\Quote\Model\Quote))
#22 /home/whitespacestudio/public_html/freshbox/api/vendor/magento/module-quote/Model/ResourceModel/Quote.php(288): Magento\Framework\Model\ResourceModel\Db\AbstractDb->save(Object(Magento\Quote\Model\Quote))
#23 /home/whitespacestudio/public_html/freshbox/api/vendor/magento/module-quote/Model/QuoteRepository/SaveHandler.php(82): Magento\Quote\Model\ResourceModel\Quote->save(Object(Magento\Quote\Model\Quote))
#24 /home/whitespacestudio/public_html/freshbox/api/vendor/magento/module-quote/Model/QuoteRepository.php(161): Magento\Quote\Model\QuoteRepository\SaveHandler->save(Object(Magento\Quote\Model\Quote))
#25 /home/whitespacestudio/public_html/freshbox/api/var/generation/Magento/Quote/Model/QuoteRepository/Interceptor.php(76): Magento\Quote\Model\QuoteRepository->save(Object(Magento\Quote\Model\Quote))
#26 /home/whitespacestudio/public_html/freshbox/api/vendor/magento/module-checkout/Model/ShippingInformationManagement.php(156): Magento\Quote\Model\QuoteRepository\Interceptor->save(Object(Magento\Quote\Model\Quote))
#27 /home/whitespacestudio/public_html/freshbox/api/vendor/magento/framework/Interception/Interceptor.php(146): Magento\Checkout\Model\ShippingInformationManagement->saveAddressInformation(26, Object(Magento\Checkout\Model\ShippingInformation))
#28 /home/whitespacestudio/public_html/freshbox/api/var/generation/Magento/Checkout/Model/ShippingInformationManagement/Interceptor.php(26): Magento\Checkout\Model\ShippingInformationManagement\Interceptor->___callPlugins('saveAddressInfo...', Array, Array)
#29 [internal function]: Magento\Checkout\Model\ShippingInformationManagement\Interceptor->saveAddressInformation(26, Object(Magento\Checkout\Model\ShippingInformation))
#30 /home/whitespacestudio/public_html/freshbox/api/vendor/magento/module-webapi/Controller/Rest.php(307): call_user_func_array(Array, Array)
#31 /home/whitespacestudio/public_html/freshbox/api/vendor/magento/module-webapi/Controller/Rest.php(216): Magento\Webapi\Controller\Rest->processApiRequest()
#32 /home/whitespacestudio/public_html/freshbox/api/vendor/magento/framework/Interception/Interceptor.php(146): Magento\Webapi\Controller\Rest->dispatch(Object(Magento\Framework\App\Request\Http))
#33 /home/whitespacestudio/public_html/freshbox/api/var/generation/Magento/Webapi/Controller/Rest/Interceptor.php(39): Magento\Webapi\Controller\Rest\Interceptor->___callPlugins('dispatch', Array, Array)
#34 /home/whitespacestudio/public_html/freshbox/api/vendor/magento/framework/App/Http.php(135): Magento\Webapi\Controller\Rest\Interceptor->dispatch(Object(Magento\Framework\App\Request\Http))
#35 /home/whitespacestudio/public_html/freshbox/api/vendor/magento/framework/App/Bootstrap.php(258): Magento\Framework\App\Http->launch()
#36 /home/whitespacestudio/public_html/freshbox/api/index.php(39): Magento\Framework\App\Bootstrap->run(Object(Magento\Framework\App\Http))
#37 {main}

Next Zend_Db_Statement_Exception: SQLSTATE[23000]: Integrity constraint violation: 1452 Cannot add or update a child row: a foreign key constraint fails (`freshbox`.`quote_shipping_rate`, CONSTRAINT `QUOTE_SHIPPING_RATE_ADDRESS_ID_QUOTE_ADDRESS_ADDRESS_ID` FOREIGN KEY (`address_id`) REFERENCES `quote_address` (`address_id`) ON DELETE CASCADE), query was: INSERT INTO `quote_shipping_rate` (`address_id`, `carrier`, `carrier_title`, `code`, `method`, `method_description`, `price`, `method_title`) VALUES (?, ?, ?, ?, ?, ?, ?, ?) in /home/whitespacestudio/public_html/freshbox/api/vendor/magento/zendframework1/library/Zend/Db/Statement/Pdo.php:235
Stack trace:
#0 /home/whitespacestudio/public_html/freshbox/api/vendor/magento/framework/DB/Statement/Pdo/Mysql.php(95): Zend_Db_Statement_Pdo->_execute(Array)
#1 /home/whitespacestudio/public_html/freshbox/api/vendor/magento/zendframework1/library/Zend/Db/Statement.php(303): Magento\Framework\DB\Statement\Pdo\Mysql->_execute(Array)
#2 /home/whitespacestudio/public_html/freshbox/api/vendor/magento/zendframework1/library/Zend/Db/Adapter/Abstract.php(480): Zend_Db_Statement->execute(Array)
#3 /home/whitespacestudio/public_html/freshbox/api/vendor/magento/zendframework1/library/Zend/Db/Adapter/Pdo/Abstract.php(238): Zend_Db_Adapter_Abstract->query('INSERT INTO `qu...', Array)
#4 /home/whitespacestudio/public_html/freshbox/api/vendor/magento/framework/DB/Adapter/Pdo/Mysql.php(465): Zend_Db_Adapter_Pdo_Abstract->query('INSERT INTO `qu...', Array)
#5 /home/whitespacestudio/public_html/freshbox/api/vendor/magento/framework/DB/Adapter/Pdo/Mysql.php(520): Magento\Framework\DB\Adapter\Pdo\Mysql->_query('INSERT INTO `qu...', Array)
#6 /home/whitespacestudio/public_html/freshbox/api/vendor/magento/zendframework1/library/Zend/Db/Adapter/Abstract.php(576): Magento\Framework\DB\Adapter\Pdo\Mysql->query('INSERT INTO `qu...', Array)
#7 /home/whitespacestudio/public_html/freshbox/api/vendor/magento/framework/Model/ResourceModel/Db/AbstractDb.php(759): Zend_Db_Adapter_Abstract->insert('quote_shipping_...', Array)
#8 /home/whitespacestudio/public_html/freshbox/api/vendor/magento/framework/Model/ResourceModel/Db/AbstractDb.php(405): Magento\Framework\Model\ResourceModel\Db\AbstractDb->saveNewObject(Object(Magento\Quote\Model\Quote\Address\Rate))
#9 /home/whitespacestudio/public_html/freshbox/api/vendor/magento/framework/Model/AbstractModel.php(631): Magento\Framework\Model\ResourceModel\Db\AbstractDb->save(Object(Magento\Quote\Model\Quote\Address\Rate))
#10 /home/whitespacestudio/public_html/freshbox/api/vendor/magento/framework/Model/ResourceModel/Db/Collection/AbstractCollection.php(591): Magento\Framework\Model\AbstractModel->save()
#11 /home/whitespacestudio/public_html/freshbox/api/vendor/magento/module-quote/Model/Quote/Address/Relation.php(27): Magento\Framework\Model\ResourceModel\Db\Collection\AbstractCollection->save()
#12 /home/whitespacestudio/public_html/freshbox/api/vendor/magento/framework/Model/ResourceModel/Db/VersionControl/RelationComposite.php(48): Magento\Quote\Model\Quote\Address\Relation->processRelation(Object(Magento\Quote\Model\Quote\Address))
#13 /home/whitespacestudio/public_html/freshbox/api/vendor/magento/framework/Model/ResourceModel/Db/VersionControl/AbstractDb.php(57): Magento\Framework\Model\ResourceModel\Db\VersionControl\RelationComposite->processRelations(Object(Magento\Quote\Model\Quote\Address))
#14 /home/whitespacestudio/public_html/freshbox/api/vendor/magento/framework/Model/ResourceModel/Db/AbstractDb.php(408): Magento\Framework\Model\ResourceModel\Db\VersionControl\AbstractDb->processAfterSaves(Object(Magento\Quote\Model\Quote\Address))
#15 /home/whitespacestudio/public_html/freshbox/api/vendor/magento/framework/Model/AbstractModel.php(631): Magento\Framework\Model\ResourceModel\Db\AbstractDb->save(Object(Magento\Quote\Model\Quote\Address))
#16 /home/whitespacestudio/public_html/freshbox/api/vendor/magento/framework/Model/ResourceModel/Db/Collection/AbstractCollection.php(591): Magento\Framework\Model\AbstractModel->save()
#17 /home/whitespacestudio/public_html/freshbox/api/vendor/magento/module-quote/Model/Quote/Relation.php(24): Magento\Framework\Model\ResourceModel\Db\Collection\AbstractCollection->save()
#18 /home/whitespacestudio/public_html/freshbox/api/vendor/magento/framework/Model/ResourceModel/Db/VersionControl/RelationComposite.php(48): Magento\Quote\Model\Quote\Relation->processRelation(Object(Magento\Quote\Model\Quote))
#19 /home/whitespacestudio/public_html/freshbox/api/vendor/magento/framework/Model/ResourceModel/Db/VersionControl/AbstractDb.php(57): Magento\Framework\Model\ResourceModel\Db\VersionControl\RelationComposite->processRelations(Object(Magento\Quote\Model\Quote))
#20 /home/whitespacestudio/public_html/freshbox/api/vendor/magento/framework/Model/ResourceModel/Db/AbstractDb.php(408): Magento\Framework\Model\ResourceModel\Db\VersionControl\AbstractDb->processAfterSaves(Object(Magento\Quote\Model\Quote))
#21 /home/whitespacestudio/public_html/freshbox/api/vendor/magento/module-quote/Model/ResourceModel/Quote.php(288): Magento\Framework\Model\ResourceModel\Db\AbstractDb->save(Object(Magento\Quote\Model\Quote))
#22 /home/whitespacestudio/public_html/freshbox/api/vendor/magento/module-quote/Model/QuoteRepository/SaveHandler.php(82): Magento\Quote\Model\ResourceModel\Quote->save(Object(Magento\Quote\Model\Quote))
#23 /home/whitespacestudio/public_html/freshbox/api/vendor/magento/module-quote/Model/QuoteRepository.php(161): Magento\Quote\Model\QuoteRepository\SaveHandler->save(Object(Magento\Quote\Model\Quote))
#24 /home/whitespacestudio/public_html/freshbox/api/var/generation/Magento/Quote/Model/QuoteRepository/Interceptor.php(76): Magento\Quote\Model\QuoteRepository->save(Object(Magento\Quote\Model\Quote))
#25 /home/whitespacestudio/public_html/freshbox/api/vendor/magento/module-checkout/Model/ShippingInformationManagement.php(156): Magento\Quote\Model\QuoteRepository\Interceptor->save(Object(Magento\Quote\Model\Quote))
#26 /home/whitespacestudio/public_html/freshbox/api/vendor/magento/framework/Interception/Interceptor.php(146): Magento\Checkout\Model\ShippingInformationManagement->saveAddressInformation(26, Object(Magento\Checkout\Model\ShippingInformation))
#27 /home/whitespacestudio/public_html/freshbox/api/var/generation/Magento/Checkout/Model/ShippingInformationManagement/Interceptor.php(26): Magento\Checkout\Model\ShippingInformationManagement\Interceptor->___callPlugins('saveAddressInfo...', Array, Array)
#28 [internal function]: Magento\Checkout\Model\ShippingInformationManagement\Interceptor->saveAddressInformation(26, Object(Magento\Checkout\Model\ShippingInformation))
#29 /home/whitespacestudio/public_html/freshbox/api/vendor/magento/module-webapi/Controller/Rest.php(307): call_user_func_array(Array, Array)
#30 /home/whitespacestudio/public_html/freshbox/api/vendor/magento/module-webapi/Controller/Rest.php(216): Magento\Webapi\Controller\Rest->processApiRequest()
#31 /home/whitespacestudio/public_html/freshbox/api/vendor/magento/framework/Interception/Interceptor.php(146): Magento\Webapi\Controller\Rest->dispatch(Object(Magento\Framework\App\Request\Http))
#32 /home/whitespacestudio/public_html/freshbox/api/var/generation/Magento/Webapi/Controller/Rest/Interceptor.php(39): Magento\Webapi\Controller\Rest\Interceptor->___callPlugins('dispatch', Array, Array)
#33 /home/whitespacestudio/public_html/freshbox/api/vendor/magento/framework/App/Http.php(135): Magento\Webapi\Controller\Rest\Interceptor->dispatch(Object(Magento\Framework\App\Request\Http))
#34 /home/whitespacestudio/public_html/freshbox/api/vendor/magento/framework/App/Bootstrap.php(258): Magento\Framework\App\Http->launch()
#35 /home/whitespacestudio/public_html/freshbox/api/index.php(39): Magento\Framework\App\Bootstrap->run(Object(Magento\Framework\App\Http))
#36 {main} [] []
[2017-11-05 09:41:15] main.CRITICAL: PDOException: SQLSTATE[23000]: Integrity constraint violation: 1452 Cannot add or update a child row: a foreign key constraint fails (`freshbox`.`quote_shipping_rate`, CONSTRAINT `QUOTE_SHIPPING_RATE_ADDRESS_ID_QUOTE_ADDRESS_ADDRESS_ID` FOREIGN KEY (`address_id`) REFERENCES `quote_address` (`address_id`) ON DELETE CASCADE) in /home/whitespacestudio/public_html/freshbox/api/vendor/magento/zendframework1/library/Zend/Db/Statement/Pdo.php:228
Stack trace:
#0 /home/whitespacestudio/public_html/freshbox/api/vendor/magento/zendframework1/library/Zend/Db/Statement/Pdo.php(228): PDOStatement->execute(Array)
#1 /home/whitespacestudio/public_html/freshbox/api/vendor/magento/framework/DB/Statement/Pdo/Mysql.php(95): Zend_Db_Statement_Pdo->_execute(Array)
#2 /home/whitespacestudio/public_html/freshbox/api/vendor/magento/zendframework1/library/Zend/Db/Statement.php(303): Magento\Framework\DB\Statement\Pdo\Mysql->_execute(Array)
#3 /home/whitespacestudio/public_html/freshbox/api/vendor/magento/zendframework1/library/Zend/Db/Adapter/Abstract.php(480): Zend_Db_Statement->execute(Array)
#4 /home/whitespacestudio/public_html/freshbox/api/vendor/magento/zendframework1/library/Zend/Db/Adapter/Pdo/Abstract.php(238): Zend_Db_Adapter_Abstract->query('INSERT INTO `qu...', Array)
#5 /home/whitespacestudio/public_html/freshbox/api/vendor/magento/framework/DB/Adapter/Pdo/Mysql.php(465): Zend_Db_Adapter_Pdo_Abstract->query('INSERT INTO `qu...', Array)
#6 /home/whitespacestudio/public_html/freshbox/api/vendor/magento/framework/DB/Adapter/Pdo/Mysql.php(520): Magento\Framework\DB\Adapter\Pdo\Mysql->_query('INSERT INTO `qu...', Array)
#7 /home/whitespacestudio/public_html/freshbox/api/vendor/magento/zendframework1/library/Zend/Db/Adapter/Abstract.php(576): Magento\Framework\DB\Adapter\Pdo\Mysql->query('INSERT INTO `qu...', Array)
#8 /home/whitespacestudio/public_html/freshbox/api/vendor/magento/framework/Model/ResourceModel/Db/AbstractDb.php(759): Zend_Db_Adapter_Abstract->insert('quote_shipping_...', Array)
#9 /home/whitespacestudio/public_html/freshbox/api/vendor/magento/framework/Model/ResourceModel/Db/AbstractDb.php(405): Magento\Framework\Model\ResourceModel\Db\AbstractDb->saveNewObject(Object(Magento\Quote\Model\Quote\Address\Rate))
#10 /home/whitespacestudio/public_html/freshbox/api/vendor/magento/framework/Model/AbstractModel.php(631): Magento\Framework\Model\ResourceModel\Db\AbstractDb->save(Object(Magento\Quote\Model\Quote\Address\Rate))
#11 /home/whitespacestudio/public_html/freshbox/api/vendor/magento/framework/Model/ResourceModel/Db/Collection/AbstractCollection.php(591): Magento\Framework\Model\AbstractModel->save()
#12 /home/whitespacestudio/public_html/freshbox/api/vendor/magento/module-quote/Model/Quote/Address/Relation.php(27): Magento\Framework\Model\ResourceModel\Db\Collection\AbstractCollection->save()
#13 /home/whitespacestudio/public_html/freshbox/api/vendor/magento/framework/Model/ResourceModel/Db/VersionControl/RelationComposite.php(48): Magento\Quote\Model\Quote\Address\Relation->processRelation(Object(Magento\Quote\Model\Quote\Address))
#14 /home/whitespacestudio/public_html/freshbox/api/vendor/magento/framework/Model/ResourceModel/Db/VersionControl/AbstractDb.php(57): Magento\Framework\Model\ResourceModel\Db\VersionControl\RelationComposite->processRelations(Object(Magento\Quote\Model\Quote\Address))
#15 /home/whitespacestudio/public_html/freshbox/api/vendor/magento/framework/Model/ResourceModel/Db/AbstractDb.php(408): Magento\Framework\Model\ResourceModel\Db\VersionControl\AbstractDb->processAfterSaves(Object(Magento\Quote\Model\Quote\Address))
#16 /home/whitespacestudio/public_html/freshbox/api/vendor/magento/framework/Model/AbstractModel.php(631): Magento\Framework\Model\ResourceModel\Db\AbstractDb->save(Object(Magento\Quote\Model\Quote\Address))
#17 /home/whitespacestudio/public_html/freshbox/api/vendor/magento/framework/Model/ResourceModel/Db/Collection/AbstractCollection.php(591): Magento\Framework\Model\AbstractModel->save()
#18 /home/whitespacestudio/public_html/freshbox/api/vendor/magento/module-quote/Model/Quote/Relation.php(24): Magento\Framework\Model\ResourceModel\Db\Collection\AbstractCollection->save()
#19 /home/whitespacestudio/public_html/freshbox/api/vendor/magento/framework/Model/ResourceModel/Db/VersionControl/RelationComposite.php(48): Magento\Quote\Model\Quote\Relation->processRelation(Object(Magento\Quote\Model\Quote))
#20 /home/whitespacestudio/public_html/freshbox/api/vendor/magento/framework/Model/ResourceModel/Db/VersionControl/AbstractDb.php(57): Magento\Framework\Model\ResourceModel\Db\VersionControl\RelationComposite->processRelations(Object(Magento\Quote\Model\Quote))
#21 /home/whitespacestudio/public_html/freshbox/api/vendor/magento/framework/Model/ResourceModel/Db/AbstractDb.php(408): Magento\Framework\Model\ResourceModel\Db\VersionControl\AbstractDb->processAfterSaves(Object(Magento\Quote\Model\Quote))
#22 /home/whitespacestudio/public_html/freshbox/api/vendor/magento/module-quote/Model/ResourceModel/Quote.php(288): Magento\Framework\Model\ResourceModel\Db\AbstractDb->save(Object(Magento\Quote\Model\Quote))
#23 /home/whitespacestudio/public_html/freshbox/api/vendor/magento/module-quote/Model/QuoteRepository/SaveHandler.php(82): Magento\Quote\Model\ResourceModel\Quote->save(Object(Magento\Quote\Model\Quote))
#24 /home/whitespacestudio/public_html/freshbox/api/vendor/magento/module-quote/Model/QuoteRepository.php(161): Magento\Quote\Model\QuoteRepository\SaveHandler->save(Object(Magento\Quote\Model\Quote))
#25 /home/whitespacestudio/public_html/freshbox/api/var/generation/Magento/Quote/Model/QuoteRepository/Interceptor.php(76): Magento\Quote\Model\QuoteRepository->save(Object(Magento\Quote\Model\Quote))
#26 /home/whitespacestudio/public_html/freshbox/api/vendor/magento/module-checkout/Model/ShippingInformationManagement.php(156): Magento\Quote\Model\QuoteRepository\Interceptor->save(Object(Magento\Quote\Model\Quote))
#27 /home/whitespacestudio/public_html/freshbox/api/vendor/magento/framework/Interception/Interceptor.php(146): Magento\Checkout\Model\ShippingInformationManagement->saveAddressInformation(26, Object(Magento\Checkout\Model\ShippingInformation))
#28 /home/whitespacestudio/public_html/freshbox/api/var/generation/Magento/Checkout/Model/ShippingInformationManagement/Interceptor.php(26): Magento\Checkout\Model\ShippingInformationManagement\Interceptor->___callPlugins('saveAddressInfo...', Array, Array)
#29 [internal function]: Magento\Checkout\Model\ShippingInformationManagement\Interceptor->saveAddressInformation(26, Object(Magento\Checkout\Model\ShippingInformation))
#30 /home/whitespacestudio/public_html/freshbox/api/vendor/magento/module-webapi/Controller/Rest.php(307): call_user_func_array(Array, Array)
#31 /home/whitespacestudio/public_html/freshbox/api/vendor/magento/module-webapi/Controller/Rest.php(216): Magento\Webapi\Controller\Rest->processApiRequest()
#32 /home/whitespacestudio/public_html/freshbox/api/vendor/magento/framework/Interception/Interceptor.php(146): Magento\Webapi\Controller\Rest->dispatch(Object(Magento\Framework\App\Request\Http))
#33 /home/whitespacestudio/public_html/freshbox/api/var/generation/Magento/Webapi/Controller/Rest/Interceptor.php(39): Magento\Webapi\Controller\Rest\Interceptor->___callPlugins('dispatch', Array, Array)
#34 /home/whitespacestudio/public_html/freshbox/api/vendor/magento/framework/App/Http.php(135): Magento\Webapi\Controller\Rest\Interceptor->dispatch(Object(Magento\Framework\App\Request\Http))
#35 /home/whitespacestudio/public_html/freshbox/api/vendor/magento/framework/App/Bootstrap.php(258): Magento\Framework\App\Http->launch()
#36 /home/whitespacestudio/public_html/freshbox/api/index.php(39): Magento\Framework\App\Bootstrap->run(Object(Magento\Framework\App\Http))
#37 {main}

Next Zend_Db_Statement_Exception: SQLSTATE[23000]: Integrity constraint violation: 1452 Cannot add or update a child row: a foreign key constraint fails (`freshbox`.`quote_shipping_rate`, CONSTRAINT `QUOTE_SHIPPING_RATE_ADDRESS_ID_QUOTE_ADDRESS_ADDRESS_ID` FOREIGN KEY (`address_id`) REFERENCES `quote_address` (`address_id`) ON DELETE CASCADE), query was: INSERT INTO `quote_shipping_rate` (`address_id`, `carrier`, `carrier_title`, `code`, `method`, `method_description`, `price`, `method_title`) VALUES (?, ?, ?, ?, ?, ?, ?, ?) in /home/whitespacestudio/public_html/freshbox/api/vendor/magento/zendframework1/library/Zend/Db/Statement/Pdo.php:235
Stack trace:
#0 /home/whitespacestudio/public_html/freshbox/api/vendor/magento/framework/DB/Statement/Pdo/Mysql.php(95): Zend_Db_Statement_Pdo->_execute(Array)
#1 /home/whitespacestudio/public_html/freshbox/api/vendor/magento/zendframework1/library/Zend/Db/Statement.php(303): Magento\Framework\DB\Statement\Pdo\Mysql->_execute(Array)
#2 /home/whitespacestudio/public_html/freshbox/api/vendor/magento/zendframework1/library/Zend/Db/Adapter/Abstract.php(480): Zend_Db_Statement->execute(Array)
#3 /home/whitespacestudio/public_html/freshbox/api/vendor/magento/zendframework1/library/Zend/Db/Adapter/Pdo/Abstract.php(238): Zend_Db_Adapter_Abstract->query('INSERT INTO `qu...', Array)
#4 /home/whitespacestudio/public_html/freshbox/api/vendor/magento/framework/DB/Adapter/Pdo/Mysql.php(465): Zend_Db_Adapter_Pdo_Abstract->query('INSERT INTO `qu...', Array)
#5 /home/whitespacestudio/public_html/freshbox/api/vendor/magento/framework/DB/Adapter/Pdo/Mysql.php(520): Magento\Framework\DB\Adapter\Pdo\Mysql->_query('INSERT INTO `qu...', Array)
#6 /home/whitespacestudio/public_html/freshbox/api/vendor/magento/zendframework1/library/Zend/Db/Adapter/Abstract.php(576): Magento\Framework\DB\Adapter\Pdo\Mysql->query('INSERT INTO `qu...', Array)
#7 /home/whitespacestudio/public_html/freshbox/api/vendor/magento/framework/Model/ResourceModel/Db/AbstractDb.php(759): Zend_Db_Adapter_Abstract->insert('quote_shipping_...', Array)
#8 /home/whitespacestudio/public_html/freshbox/api/vendor/magento/framework/Model/ResourceModel/Db/AbstractDb.php(405): Magento\Framework\Model\ResourceModel\Db\AbstractDb->saveNewObject(Object(Magento\Quote\Model\Quote\Address\Rate))
#9 /home/whitespacestudio/public_html/freshbox/api/vendor/magento/framework/Model/AbstractModel.php(631): Magento\Framework\Model\ResourceModel\Db\AbstractDb->save(Object(Magento\Quote\Model\Quote\Address\Rate))
#10 /home/whitespacestudio/public_html/freshbox/api/vendor/magento/framework/Model/ResourceModel/Db/Collection/AbstractCollection.php(591): Magento\Framework\Model\AbstractModel->save()
#11 /home/whitespacestudio/public_html/freshbox/api/vendor/magento/module-quote/Model/Quote/Address/Relation.php(27): Magento\Framework\Model\ResourceModel\Db\Collection\AbstractCollection->save()
#12 /home/whitespacestudio/public_html/freshbox/api/vendor/magento/framework/Model/ResourceModel/Db/VersionControl/RelationComposite.php(48): Magento\Quote\Model\Quote\Address\Relation->processRelation(Object(Magento\Quote\Model\Quote\Address))
#13 /home/whitespacestudio/public_html/freshbox/api/vendor/magento/framework/Model/ResourceModel/Db/VersionControl/AbstractDb.php(57): Magento\Framework\Model\ResourceModel\Db\VersionControl\RelationComposite->processRelations(Object(Magento\Quote\Model\Quote\Address))
#14 /home/whitespacestudio/public_html/freshbox/api/vendor/magento/framework/Model/ResourceModel/Db/AbstractDb.php(408): Magento\Framework\Model\ResourceModel\Db\VersionControl\AbstractDb->processAfterSaves(Object(Magento\Quote\Model\Quote\Address))
#15 /home/whitespacestudio/public_html/freshbox/api/vendor/magento/framework/Model/AbstractModel.php(631): Magento\Framework\Model\ResourceModel\Db\AbstractDb->save(Object(Magento\Quote\Model\Quote\Address))
#16 /home/whitespacestudio/public_html/freshbox/api/vendor/magento/framework/Model/ResourceModel/Db/Collection/AbstractCollection.php(591): Magento\Framework\Model\AbstractModel->save()
#17 /home/whitespacestudio/public_html/freshbox/api/vendor/magento/module-quote/Model/Quote/Relation.php(24): Magento\Framework\Model\ResourceModel\Db\Collection\AbstractCollection->save()
#18 /home/whitespacestudio/public_html/freshbox/api/vendor/magento/framework/Model/ResourceModel/Db/VersionControl/RelationComposite.php(48): Magento\Quote\Model\Quote\Relation->processRelation(Object(Magento\Quote\Model\Quote))
#19 /home/whitespacestudio/public_html/freshbox/api/vendor/magento/framework/Model/ResourceModel/Db/VersionControl/AbstractDb.php(57): Magento\Framework\Model\ResourceModel\Db\VersionControl\RelationComposite->processRelations(Object(Magento\Quote\Model\Quote))
#20 /home/whitespacestudio/public_html/freshbox/api/vendor/magento/framework/Model/ResourceModel/Db/AbstractDb.php(408): Magento\Framework\Model\ResourceModel\Db\VersionControl\AbstractDb->processAfterSaves(Object(Magento\Quote\Model\Quote))
#21 /home/whitespacestudio/public_html/freshbox/api/vendor/magento/module-quote/Model/ResourceModel/Quote.php(288): Magento\Framework\Model\ResourceModel\Db\AbstractDb->save(Object(Magento\Quote\Model\Quote))
#22 /home/whitespacestudio/public_html/freshbox/api/vendor/magento/module-quote/Model/QuoteRepository/SaveHandler.php(82): Magento\Quote\Model\ResourceModel\Quote->save(Object(Magento\Quote\Model\Quote))
#23 /home/whitespacestudio/public_html/freshbox/api/vendor/magento/module-quote/Model/QuoteRepository.php(161): Magento\Quote\Model\QuoteRepository\SaveHandler->save(Object(Magento\Quote\Model\Quote))
#24 /home/whitespacestudio/public_html/freshbox/api/var/generation/Magento/Quote/Model/QuoteRepository/Interceptor.php(76): Magento\Quote\Model\QuoteRepository->save(Object(Magento\Quote\Model\Quote))
#25 /home/whitespacestudio/public_html/freshbox/api/vendor/magento/module-checkout/Model/ShippingInformationManagement.php(156): Magento\Quote\Model\QuoteRepository\Interceptor->save(Object(Magento\Quote\Model\Quote))
#26 /home/whitespacestudio/public_html/freshbox/api/vendor/magento/framework/Interception/Interceptor.php(146): Magento\Checkout\Model\ShippingInformationManagement->saveAddressInformation(26, Object(Magento\Checkout\Model\ShippingInformation))
#27 /home/whitespacestudio/public_html/freshbox/api/var/generation/Magento/Checkout/Model/ShippingInformationManagement/Interceptor.php(26): Magento\Checkout\Model\ShippingInformationManagement\Interceptor->___callPlugins('saveAddressInfo...', Array, Array)
#28 [internal function]: Magento\Checkout\Model\ShippingInformationManagement\Interceptor->saveAddressInformation(26, Object(Magento\Checkout\Model\ShippingInformation))
#29 /home/whitespacestudio/public_html/freshbox/api/vendor/magento/module-webapi/Controller/Rest.php(307): call_user_func_array(Array, Array)
#30 /home/whitespacestudio/public_html/freshbox/api/vendor/magento/module-webapi/Controller/Rest.php(216): Magento\Webapi\Controller\Rest->processApiRequest()
#31 /home/whitespacestudio/public_html/freshbox/api/vendor/magento/framework/Interception/Interceptor.php(146): Magento\Webapi\Controller\Rest->dispatch(Object(Magento\Framework\App\Request\Http))
#32 /home/whitespacestudio/public_html/freshbox/api/var/generation/Magento/Webapi/Controller/Rest/Interceptor.php(39): Magento\Webapi\Controller\Rest\Interceptor->___callPlugins('dispatch', Array, Array)
#33 /home/whitespacestudio/public_html/freshbox/api/vendor/magento/framework/App/Http.php(135): Magento\Webapi\Controller\Rest\Interceptor->dispatch(Object(Magento\Framework\App\Request\Http))
#34 /home/whitespacestudio/public_html/freshbox/api/vendor/magento/framework/App/Bootstrap.php(258): Magento\Framework\App\Http->launch()
#35 /home/whitespacestudio/public_html/freshbox/api/index.php(39): Magento\Framework\App\Bootstrap->run(Object(Magento\Framework\App\Http))
#36 {main} [] []
[2017-11-05 09:42:48] main.CRITICAL: PDOException: SQLSTATE[23000]: Integrity constraint violation: 1452 Cannot add or update a child row: a foreign key constraint fails (`freshbox`.`quote_shipping_rate`, CONSTRAINT `QUOTE_SHIPPING_RATE_ADDRESS_ID_QUOTE_ADDRESS_ADDRESS_ID` FOREIGN KEY (`address_id`) REFERENCES `quote_address` (`address_id`) ON DELETE CASCADE) in /home/whitespacestudio/public_html/freshbox/api/vendor/magento/zendframework1/library/Zend/Db/Statement/Pdo.php:228
Stack trace:
#0 /home/whitespacestudio/public_html/freshbox/api/vendor/magento/zendframework1/library/Zend/Db/Statement/Pdo.php(228): PDOStatement->execute(Array)
#1 /home/whitespacestudio/public_html/freshbox/api/vendor/magento/framework/DB/Statement/Pdo/Mysql.php(95): Zend_Db_Statement_Pdo->_execute(Array)
#2 /home/whitespacestudio/public_html/freshbox/api/vendor/magento/zendframework1/library/Zend/Db/Statement.php(303): Magento\Framework\DB\Statement\Pdo\Mysql->_execute(Array)
#3 /home/whitespacestudio/public_html/freshbox/api/vendor/magento/zendframework1/library/Zend/Db/Adapter/Abstract.php(480): Zend_Db_Statement->execute(Array)
#4 /home/whitespacestudio/public_html/freshbox/api/vendor/magento/zendframework1/library/Zend/Db/Adapter/Pdo/Abstract.php(238): Zend_Db_Adapter_Abstract->query('INSERT INTO `qu...', Array)
#5 /home/whitespacestudio/public_html/freshbox/api/vendor/magento/framework/DB/Adapter/Pdo/Mysql.php(465): Zend_Db_Adapter_Pdo_Abstract->query('INSERT INTO `qu...', Array)
#6 /home/whitespacestudio/public_html/freshbox/api/vendor/magento/framework/DB/Adapter/Pdo/Mysql.php(520): Magento\Framework\DB\Adapter\Pdo\Mysql->_query('INSERT INTO `qu...', Array)
#7 /home/whitespacestudio/public_html/freshbox/api/vendor/magento/zendframework1/library/Zend/Db/Adapter/Abstract.php(576): Magento\Framework\DB\Adapter\Pdo\Mysql->query('INSERT INTO `qu...', Array)
#8 /home/whitespacestudio/public_html/freshbox/api/vendor/magento/framework/Model/ResourceModel/Db/AbstractDb.php(759): Zend_Db_Adapter_Abstract->insert('quote_shipping_...', Array)
#9 /home/whitespacestudio/public_html/freshbox/api/vendor/magento/framework/Model/ResourceModel/Db/AbstractDb.php(405): Magento\Framework\Model\ResourceModel\Db\AbstractDb->saveNewObject(Object(Magento\Quote\Model\Quote\Address\Rate))
#10 /home/whitespacestudio/public_html/freshbox/api/vendor/magento/framework/Model/AbstractModel.php(631): Magento\Framework\Model\ResourceModel\Db\AbstractDb->save(Object(Magento\Quote\Model\Quote\Address\Rate))
#11 /home/whitespacestudio/public_html/freshbox/api/vendor/magento/framework/Model/ResourceModel/Db/Collection/AbstractCollection.php(591): Magento\Framework\Model\AbstractModel->save()
#12 /home/whitespacestudio/public_html/freshbox/api/vendor/magento/module-quote/Model/Quote/Address/Relation.php(27): Magento\Framework\Model\ResourceModel\Db\Collection\AbstractCollection->save()
#13 /home/whitespacestudio/public_html/freshbox/api/vendor/magento/framework/Model/ResourceModel/Db/VersionControl/RelationComposite.php(48): Magento\Quote\Model\Quote\Address\Relation->processRelation(Object(Magento\Quote\Model\Quote\Address))
#14 /home/whitespacestudio/public_html/freshbox/api/vendor/magento/framework/Model/ResourceModel/Db/VersionControl/AbstractDb.php(57): Magento\Framework\Model\ResourceModel\Db\VersionControl\RelationComposite->processRelations(Object(Magento\Quote\Model\Quote\Address))
#15 /home/whitespacestudio/public_html/freshbox/api/vendor/magento/framework/Model/ResourceModel/Db/AbstractDb.php(408): Magento\Framework\Model\ResourceModel\Db\VersionControl\AbstractDb->processAfterSaves(Object(Magento\Quote\Model\Quote\Address))
#16 /home/whitespacestudio/public_html/freshbox/api/vendor/magento/framework/Model/AbstractModel.php(631): Magento\Framework\Model\ResourceModel\Db\AbstractDb->save(Object(Magento\Quote\Model\Quote\Address))
#17 /home/whitespacestudio/public_html/freshbox/api/vendor/magento/framework/Model/ResourceModel/Db/Collection/AbstractCollection.php(591): Magento\Framework\Model\AbstractModel->save()
#18 /home/whitespacestudio/public_html/freshbox/api/vendor/magento/module-quote/Model/Quote/Relation.php(24): Magento\Framework\Model\ResourceModel\Db\Collection\AbstractCollection->save()
#19 /home/whitespacestudio/public_html/freshbox/api/vendor/magento/framework/Model/ResourceModel/Db/VersionControl/RelationComposite.php(48): Magento\Quote\Model\Quote\Relation->processRelation(Object(Magento\Quote\Model\Quote))
#20 /home/whitespacestudio/public_html/freshbox/api/vendor/magento/framework/Model/ResourceModel/Db/VersionControl/AbstractDb.php(57): Magento\Framework\Model\ResourceModel\Db\VersionControl\RelationComposite->processRelations(Object(Magento\Quote\Model\Quote))
#21 /home/whitespacestudio/public_html/freshbox/api/vendor/magento/framework/Model/ResourceModel/Db/AbstractDb.php(408): Magento\Framework\Model\ResourceModel\Db\VersionControl\AbstractDb->processAfterSaves(Object(Magento\Quote\Model\Quote))
#22 /home/whitespacestudio/public_html/freshbox/api/vendor/magento/module-quote/Model/ResourceModel/Quote.php(288): Magento\Framework\Model\ResourceModel\Db\AbstractDb->save(Object(Magento\Quote\Model\Quote))
#23 /home/whitespacestudio/public_html/freshbox/api/vendor/magento/module-quote/Model/QuoteRepository/SaveHandler.php(82): Magento\Quote\Model\ResourceModel\Quote->save(Object(Magento\Quote\Model\Quote))
#24 /home/whitespacestudio/public_html/freshbox/api/vendor/magento/module-quote/Model/QuoteRepository.php(161): Magento\Quote\Model\QuoteRepository\SaveHandler->save(Object(Magento\Quote\Model\Quote))
#25 /home/whitespacestudio/public_html/freshbox/api/var/generation/Magento/Quote/Model/QuoteRepository/Interceptor.php(76): Magento\Quote\Model\QuoteRepository->save(Object(Magento\Quote\Model\Quote))
#26 /home/whitespacestudio/public_html/freshbox/api/vendor/magento/module-checkout/Model/ShippingInformationManagement.php(156): Magento\Quote\Model\QuoteRepository\Interceptor->save(Object(Magento\Quote\Model\Quote))
#27 /home/whitespacestudio/public_html/freshbox/api/vendor/magento/framework/Interception/Interceptor.php(146): Magento\Checkout\Model\ShippingInformationManagement->saveAddressInformation(26, Object(Magento\Checkout\Model\ShippingInformation))
#28 /home/whitespacestudio/public_html/freshbox/api/var/generation/Magento/Checkout/Model/ShippingInformationManagement/Interceptor.php(26): Magento\Checkout\Model\ShippingInformationManagement\Interceptor->___callPlugins('saveAddressInfo...', Array, Array)
#29 [internal function]: Magento\Checkout\Model\ShippingInformationManagement\Interceptor->saveAddressInformation(26, Object(Magento\Checkout\Model\ShippingInformation))
#30 /home/whitespacestudio/public_html/freshbox/api/vendor/magento/module-webapi/Controller/Rest.php(307): call_user_func_array(Array, Array)
#31 /home/whitespacestudio/public_html/freshbox/api/vendor/magento/module-webapi/Controller/Rest.php(216): Magento\Webapi\Controller\Rest->processApiRequest()
#32 /home/whitespacestudio/public_html/freshbox/api/vendor/magento/framework/Interception/Interceptor.php(146): Magento\Webapi\Controller\Rest->dispatch(Object(Magento\Framework\App\Request\Http))
#33 /home/whitespacestudio/public_html/freshbox/api/var/generation/Magento/Webapi/Controller/Rest/Interceptor.php(39): Magento\Webapi\Controller\Rest\Interceptor->___callPlugins('dispatch', Array, Array)
#34 /home/whitespacestudio/public_html/freshbox/api/vendor/magento/framework/App/Http.php(135): Magento\Webapi\Controller\Rest\Interceptor->dispatch(Object(Magento\Framework\App\Request\Http))
#35 /home/whitespacestudio/public_html/freshbox/api/vendor/magento/framework/App/Bootstrap.php(258): Magento\Framework\App\Http->launch()
#36 /home/whitespacestudio/public_html/freshbox/api/index.php(39): Magento\Framework\App\Bootstrap->run(Object(Magento\Framework\App\Http))
#37 {main}

Next Zend_Db_Statement_Exception: SQLSTATE[23000]: Integrity constraint violation: 1452 Cannot add or update a child row: a foreign key constraint fails (`freshbox`.`quote_shipping_rate`, CONSTRAINT `QUOTE_SHIPPING_RATE_ADDRESS_ID_QUOTE_ADDRESS_ADDRESS_ID` FOREIGN KEY (`address_id`) REFERENCES `quote_address` (`address_id`) ON DELETE CASCADE), query was: INSERT INTO `quote_shipping_rate` (`address_id`, `carrier`, `carrier_title`, `code`, `method`, `method_description`, `price`, `method_title`) VALUES (?, ?, ?, ?, ?, ?, ?, ?) in /home/whitespacestudio/public_html/freshbox/api/vendor/magento/zendframework1/library/Zend/Db/Statement/Pdo.php:235
Stack trace:
#0 /home/whitespacestudio/public_html/freshbox/api/vendor/magento/framework/DB/Statement/Pdo/Mysql.php(95): Zend_Db_Statement_Pdo->_execute(Array)
#1 /home/whitespacestudio/public_html/freshbox/api/vendor/magento/zendframework1/library/Zend/Db/Statement.php(303): Magento\Framework\DB\Statement\Pdo\Mysql->_execute(Array)
#2 /home/whitespacestudio/public_html/freshbox/api/vendor/magento/zendframework1/library/Zend/Db/Adapter/Abstract.php(480): Zend_Db_Statement->execute(Array)
#3 /home/whitespacestudio/public_html/freshbox/api/vendor/magento/zendframework1/library/Zend/Db/Adapter/Pdo/Abstract.php(238): Zend_Db_Adapter_Abstract->query('INSERT INTO `qu...', Array)
#4 /home/whitespacestudio/public_html/freshbox/api/vendor/magento/framework/DB/Adapter/Pdo/Mysql.php(465): Zend_Db_Adapter_Pdo_Abstract->query('INSERT INTO `qu...', Array)
#5 /home/whitespacestudio/public_html/freshbox/api/vendor/magento/framework/DB/Adapter/Pdo/Mysql.php(520): Magento\Framework\DB\Adapter\Pdo\Mysql->_query('INSERT INTO `qu...', Array)
#6 /home/whitespacestudio/public_html/freshbox/api/vendor/magento/zendframework1/library/Zend/Db/Adapter/Abstract.php(576): Magento\Framework\DB\Adapter\Pdo\Mysql->query('INSERT INTO `qu...', Array)
#7 /home/whitespacestudio/public_html/freshbox/api/vendor/magento/framework/Model/ResourceModel/Db/AbstractDb.php(759): Zend_Db_Adapter_Abstract->insert('quote_shipping_...', Array)
#8 /home/whitespacestudio/public_html/freshbox/api/vendor/magento/framework/Model/ResourceModel/Db/AbstractDb.php(405): Magento\Framework\Model\ResourceModel\Db\AbstractDb->saveNewObject(Object(Magento\Quote\Model\Quote\Address\Rate))
#9 /home/whitespacestudio/public_html/freshbox/api/vendor/magento/framework/Model/AbstractModel.php(631): Magento\Framework\Model\ResourceModel\Db\AbstractDb->save(Object(Magento\Quote\Model\Quote\Address\Rate))
#10 /home/whitespacestudio/public_html/freshbox/api/vendor/magento/framework/Model/ResourceModel/Db/Collection/AbstractCollection.php(591): Magento\Framework\Model\AbstractModel->save()
#11 /home/whitespacestudio/public_html/freshbox/api/vendor/magento/module-quote/Model/Quote/Address/Relation.php(27): Magento\Framework\Model\ResourceModel\Db\Collection\AbstractCollection->save()
#12 /home/whitespacestudio/public_html/freshbox/api/vendor/magento/framework/Model/ResourceModel/Db/VersionControl/RelationComposite.php(48): Magento\Quote\Model\Quote\Address\Relation->processRelation(Object(Magento\Quote\Model\Quote\Address))
#13 /home/whitespacestudio/public_html/freshbox/api/vendor/magento/framework/Model/ResourceModel/Db/VersionControl/AbstractDb.php(57): Magento\Framework\Model\ResourceModel\Db\VersionControl\RelationComposite->processRelations(Object(Magento\Quote\Model\Quote\Address))
#14 /home/whitespacestudio/public_html/freshbox/api/vendor/magento/framework/Model/ResourceModel/Db/AbstractDb.php(408): Magento\Framework\Model\ResourceModel\Db\VersionControl\AbstractDb->processAfterSaves(Object(Magento\Quote\Model\Quote\Address))
#15 /home/whitespacestudio/public_html/freshbox/api/vendor/magento/framework/Model/AbstractModel.php(631): Magento\Framework\Model\ResourceModel\Db\AbstractDb->save(Object(Magento\Quote\Model\Quote\Address))
#16 /home/whitespacestudio/public_html/freshbox/api/vendor/magento/framework/Model/ResourceModel/Db/Collection/AbstractCollection.php(591): Magento\Framework\Model\AbstractModel->save()
#17 /home/whitespacestudio/public_html/freshbox/api/vendor/magento/module-quote/Model/Quote/Relation.php(24): Magento\Framework\Model\ResourceModel\Db\Collection\AbstractCollection->save()
#18 /home/whitespacestudio/public_html/freshbox/api/vendor/magento/framework/Model/ResourceModel/Db/VersionControl/RelationComposite.php(48): Magento\Quote\Model\Quote\Relation->processRelation(Object(Magento\Quote\Model\Quote))
#19 /home/whitespacestudio/public_html/freshbox/api/vendor/magento/framework/Model/ResourceModel/Db/VersionControl/AbstractDb.php(57): Magento\Framework\Model\ResourceModel\Db\VersionControl\RelationComposite->processRelations(Object(Magento\Quote\Model\Quote))
#20 /home/whitespacestudio/public_html/freshbox/api/vendor/magento/framework/Model/ResourceModel/Db/AbstractDb.php(408): Magento\Framework\Model\ResourceModel\Db\VersionControl\AbstractDb->processAfterSaves(Object(Magento\Quote\Model\Quote))
#21 /home/whitespacestudio/public_html/freshbox/api/vendor/magento/module-quote/Model/ResourceModel/Quote.php(288): Magento\Framework\Model\ResourceModel\Db\AbstractDb->save(Object(Magento\Quote\Model\Quote))
#22 /home/whitespacestudio/public_html/freshbox/api/vendor/magento/module-quote/Model/QuoteRepository/SaveHandler.php(82): Magento\Quote\Model\ResourceModel\Quote->save(Object(Magento\Quote\Model\Quote))
#23 /home/whitespacestudio/public_html/freshbox/api/vendor/magento/module-quote/Model/QuoteRepository.php(161): Magento\Quote\Model\QuoteRepository\SaveHandler->save(Object(Magento\Quote\Model\Quote))
#24 /home/whitespacestudio/public_html/freshbox/api/var/generation/Magento/Quote/Model/QuoteRepository/Interceptor.php(76): Magento\Quote\Model\QuoteRepository->save(Object(Magento\Quote\Model\Quote))
#25 /home/whitespacestudio/public_html/freshbox/api/vendor/magento/module-checkout/Model/ShippingInformationManagement.php(156): Magento\Quote\Model\QuoteRepository\Interceptor->save(Object(Magento\Quote\Model\Quote))
#26 /home/whitespacestudio/public_html/freshbox/api/vendor/magento/framework/Interception/Interceptor.php(146): Magento\Checkout\Model\ShippingInformationManagement->saveAddressInformation(26, Object(Magento\Checkout\Model\ShippingInformation))
#27 /home/whitespacestudio/public_html/freshbox/api/var/generation/Magento/Checkout/Model/ShippingInformationManagement/Interceptor.php(26): Magento\Checkout\Model\ShippingInformationManagement\Interceptor->___callPlugins('saveAddressInfo...', Array, Array)
#28 [internal function]: Magento\Checkout\Model\ShippingInformationManagement\Interceptor->saveAddressInformation(26, Object(Magento\Checkout\Model\ShippingInformation))
#29 /home/whitespacestudio/public_html/freshbox/api/vendor/magento/module-webapi/Controller/Rest.php(307): call_user_func_array(Array, Array)
#30 /home/whitespacestudio/public_html/freshbox/api/vendor/magento/module-webapi/Controller/Rest.php(216): Magento\Webapi\Controller\Rest->processApiRequest()
#31 /home/whitespacestudio/public_html/freshbox/api/vendor/magento/framework/Interception/Interceptor.php(146): Magento\Webapi\Controller\Rest->dispatch(Object(Magento\Framework\App\Request\Http))
#32 /home/whitespacestudio/public_html/freshbox/api/var/generation/Magento/Webapi/Controller/Rest/Interceptor.php(39): Magento\Webapi\Controller\Rest\Interceptor->___callPlugins('dispatch', Array, Array)
#33 /home/whitespacestudio/public_html/freshbox/api/vendor/magento/framework/App/Http.php(135): Magento\Webapi\Controller\Rest\Interceptor->dispatch(Object(Magento\Framework\App\Request\Http))
#34 /home/whitespacestudio/public_html/freshbox/api/vendor/magento/framework/App/Bootstrap.php(258): Magento\Framework\App\Http->launch()
#35 /home/whitespacestudio/public_html/freshbox/api/index.php(39): Magento\Framework\App\Bootstrap->run(Object(Magento\Framework\App\Http))
#36 {main} [] []
[2017-11-06 14:30:59] main.CRITICAL: ReflectionException: Class Freshbox\Cookbook\Api\SubscribemealRepositoryInterface does not exist in /home/whitespacestudio/public_html/freshbox/api/vendor/magento/framework/Reflection/MethodsMap.php:122
Stack trace:
#0 /home/whitespacestudio/public_html/freshbox/api/vendor/magento/framework/Reflection/MethodsMap.php(122): ReflectionClass->__construct('Freshbox\\Cookbo...')
#1 /home/whitespacestudio/public_html/freshbox/api/vendor/magento/framework/Webapi/ServiceInputProcessor.php(110): Magento\Framework\Reflection\MethodsMap->getMethodParams('Freshbox\\Cookbo...', 'save')
#2 /home/whitespacestudio/public_html/freshbox/api/vendor/magento/module-webapi/Controller/Rest/InputParamsResolver.php(101): Magento\Framework\Webapi\ServiceInputProcessor->process('Freshbox\\Cookbo...', 'save', Array)
#3 /home/whitespacestudio/public_html/freshbox/api/vendor/magento/module-webapi/Controller/Rest.php(299): Magento\Webapi\Controller\Rest\InputParamsResolver->resolve()
#4 /home/whitespacestudio/public_html/freshbox/api/vendor/magento/module-webapi/Controller/Rest.php(216): Magento\Webapi\Controller\Rest->processApiRequest()
#5 /home/whitespacestudio/public_html/freshbox/api/vendor/magento/framework/Interception/Interceptor.php(146): Magento\Webapi\Controller\Rest->dispatch(Object(Magento\Framework\App\Request\Http))
#6 /home/whitespacestudio/public_html/freshbox/api/var/generation/Magento/Webapi/Controller/Rest/Interceptor.php(39): Magento\Webapi\Controller\Rest\Interceptor->___callPlugins('dispatch', Array, Array)
#7 /home/whitespacestudio/public_html/freshbox/api/vendor/magento/framework/App/Http.php(135): Magento\Webapi\Controller\Rest\Interceptor->dispatch(Object(Magento\Framework\App\Request\Http))
#8 /home/whitespacestudio/public_html/freshbox/api/vendor/magento/framework/App/Bootstrap.php(258): Magento\Framework\App\Http->launch()
#9 /home/whitespacestudio/public_html/freshbox/api/index.php(39): Magento\Framework\App\Bootstrap->run(Object(Magento\Framework\App\Http))
#10 {main}

Next Exception: Report ID: webapi-5a0072231505e; Message: Class Freshbox\Cookbook\Api\SubscribemealRepositoryInterface does not exist in /home/whitespacestudio/public_html/freshbox/api/vendor/magento/framework/Webapi/ErrorProcessor.php:195
Stack trace:
#0 /home/whitespacestudio/public_html/freshbox/api/vendor/magento/framework/Webapi/ErrorProcessor.php(139): Magento\Framework\Webapi\ErrorProcessor->_critical(Object(ReflectionException))
#1 /home/whitespacestudio/public_html/freshbox/api/vendor/magento/module-webapi/Controller/Rest.php(219): Magento\Framework\Webapi\ErrorProcessor->maskException(Object(ReflectionException))
#2 /home/whitespacestudio/public_html/freshbox/api/vendor/magento/framework/Interception/Interceptor.php(146): Magento\Webapi\Controller\Rest->dispatch(Object(Magento\Framework\App\Request\Http))
#3 /home/whitespacestudio/public_html/freshbox/api/var/generation/Magento/Webapi/Controller/Rest/Interceptor.php(39): Magento\Webapi\Controller\Rest\Interceptor->___callPlugins('dispatch', Array, Array)
#4 /home/whitespacestudio/public_html/freshbox/api/vendor/magento/framework/App/Http.php(135): Magento\Webapi\Controller\Rest\Interceptor->dispatch(Object(Magento\Framework\App\Request\Http))
#5 /home/whitespacestudio/public_html/freshbox/api/vendor/magento/framework/App/Bootstrap.php(258): Magento\Framework\App\Http->launch()
#6 /home/whitespacestudio/public_html/freshbox/api/index.php(39): Magento\Framework\App\Bootstrap->run(Object(Magento\Framework\App\Http))
#7 {main} [] []
[2017-11-06 14:33:55] main.CRITICAL: ReflectionException: Class Freshbox\Meals\Api\SubscribemealRepositoryInterface does not exist in /home/whitespacestudio/public_html/freshbox/api/vendor/magento/framework/Reflection/MethodsMap.php:122
Stack trace:
#0 /home/whitespacestudio/public_html/freshbox/api/vendor/magento/framework/Reflection/MethodsMap.php(122): ReflectionClass->__construct('Freshbox\\Meals\\...')
#1 /home/whitespacestudio/public_html/freshbox/api/vendor/magento/framework/Webapi/ServiceInputProcessor.php(110): Magento\Framework\Reflection\MethodsMap->getMethodParams('Freshbox\\Meals\\...', 'save')
#2 /home/whitespacestudio/public_html/freshbox/api/vendor/magento/module-webapi/Controller/Rest/InputParamsResolver.php(101): Magento\Framework\Webapi\ServiceInputProcessor->process('Freshbox\\Meals\\...', 'save', Array)
#3 /home/whitespacestudio/public_html/freshbox/api/vendor/magento/module-webapi/Controller/Rest.php(299): Magento\Webapi\Controller\Rest\InputParamsResolver->resolve()
#4 /home/whitespacestudio/public_html/freshbox/api/vendor/magento/module-webapi/Controller/Rest.php(216): Magento\Webapi\Controller\Rest->processApiRequest()
#5 /home/whitespacestudio/public_html/freshbox/api/vendor/magento/framework/Interception/Interceptor.php(146): Magento\Webapi\Controller\Rest->dispatch(Object(Magento\Framework\App\Request\Http))
#6 /home/whitespacestudio/public_html/freshbox/api/var/generation/Magento/Webapi/Controller/Rest/Interceptor.php(39): Magento\Webapi\Controller\Rest\Interceptor->___callPlugins('dispatch', Array, Array)
#7 /home/whitespacestudio/public_html/freshbox/api/vendor/magento/framework/App/Http.php(135): Magento\Webapi\Controller\Rest\Interceptor->dispatch(Object(Magento\Framework\App\Request\Http))
#8 /home/whitespacestudio/public_html/freshbox/api/vendor/magento/framework/App/Bootstrap.php(258): Magento\Framework\App\Http->launch()
#9 /home/whitespacestudio/public_html/freshbox/api/index.php(39): Magento\Framework\App\Bootstrap->run(Object(Magento\Framework\App\Http))
#10 {main}

Next Exception: Report ID: webapi-5a0072d35965b; Message: Class Freshbox\Meals\Api\SubscribemealRepositoryInterface does not exist in /home/whitespacestudio/public_html/freshbox/api/vendor/magento/framework/Webapi/ErrorProcessor.php:195
Stack trace:
#0 /home/whitespacestudio/public_html/freshbox/api/vendor/magento/framework/Webapi/ErrorProcessor.php(139): Magento\Framework\Webapi\ErrorProcessor->_critical(Object(ReflectionException))
#1 /home/whitespacestudio/public_html/freshbox/api/vendor/magento/module-webapi/Controller/Rest.php(219): Magento\Framework\Webapi\ErrorProcessor->maskException(Object(ReflectionException))
#2 /home/whitespacestudio/public_html/freshbox/api/vendor/magento/framework/Interception/Interceptor.php(146): Magento\Webapi\Controller\Rest->dispatch(Object(Magento\Framework\App\Request\Http))
#3 /home/whitespacestudio/public_html/freshbox/api/var/generation/Magento/Webapi/Controller/Rest/Interceptor.php(39): Magento\Webapi\Controller\Rest\Interceptor->___callPlugins('dispatch', Array, Array)
#4 /home/whitespacestudio/public_html/freshbox/api/vendor/magento/framework/App/Http.php(135): Magento\Webapi\Controller\Rest\Interceptor->dispatch(Object(Magento\Framework\App\Request\Http))
#5 /home/whitespacestudio/public_html/freshbox/api/vendor/magento/framework/App/Bootstrap.php(258): Magento\Framework\App\Http->launch()
#6 /home/whitespacestudio/public_html/freshbox/api/index.php(39): Magento\Framework\App\Bootstrap->run(Object(Magento\Framework\App\Http))
#7 {main} [] []
[2017-11-07 08:50:05] main.CRITICAL: ReflectionException: Class arr does not exist in /home/whitespacestudio/public_html/freshbox/api/vendor/magento/framework/Reflection/MethodsMap.php:149
Stack trace:
#0 /home/whitespacestudio/public_html/freshbox/api/vendor/magento/framework/Reflection/MethodsMap.php(149): ReflectionClass->__construct('arr')
#1 /home/whitespacestudio/public_html/freshbox/api/vendor/magento/framework/Reflection/MethodsMap.php(100): Magento\Framework\Reflection\MethodsMap->getMethodMapViaReflection('arr')
#2 /home/whitespacestudio/public_html/freshbox/api/vendor/magento/framework/Reflection/DataObjectProcessor.php(77): Magento\Framework\Reflection\MethodsMap->getMethodsMap('arr')
#3 /home/whitespacestudio/public_html/freshbox/api/vendor/magento/framework/Webapi/ServiceOutputProcessor.php(99): Magento\Framework\Reflection\DataObjectProcessor->buildOutputDataArray(Object(Freshbox\Meals\Model\ResourceModel\Preferenceoption\Collection), 'arr')
#4 /home/whitespacestudio/public_html/freshbox/api/vendor/magento/framework/Webapi/ServiceOutputProcessor.php(59): Magento\Framework\Webapi\ServiceOutputProcessor->convertValue(Array, 'array')
#5 /home/whitespacestudio/public_html/freshbox/api/vendor/magento/module-webapi/Controller/Rest.php(311): Magento\Framework\Webapi\ServiceOutputProcessor->process(Array, 'Freshbox\\Cookbo...', 'addtocartrecipe')
#6 /home/whitespacestudio/public_html/freshbox/api/vendor/magento/module-webapi/Controller/Rest.php(216): Magento\Webapi\Controller\Rest->processApiRequest()
#7 /home/whitespacestudio/public_html/freshbox/api/vendor/magento/framework/Interception/Interceptor.php(146): Magento\Webapi\Controller\Rest->dispatch(Object(Magento\Framework\App\Request\Http))
#8 /home/whitespacestudio/public_html/freshbox/api/var/generation/Magento/Webapi/Controller/Rest/Interceptor.php(39): Magento\Webapi\Controller\Rest\Interceptor->___callPlugins('dispatch', Array, Array)
#9 /home/whitespacestudio/public_html/freshbox/api/vendor/magento/framework/App/Http.php(135): Magento\Webapi\Controller\Rest\Interceptor->dispatch(Object(Magento\Framework\App\Request\Http))
#10 /home/whitespacestudio/public_html/freshbox/api/vendor/magento/framework/App/Bootstrap.php(258): Magento\Framework\App\Http->launch()
#11 /home/whitespacestudio/public_html/freshbox/api/index.php(39): Magento\Framework\App\Bootstrap->run(Object(Magento\Framework\App\Http))
#12 {main}

Next Exception: Report ID: webapi-5a0173bdda957; Message: Class arr does not exist in /home/whitespacestudio/public_html/freshbox/api/vendor/magento/framework/Webapi/ErrorProcessor.php:195
Stack trace:
#0 /home/whitespacestudio/public_html/freshbox/api/vendor/magento/framework/Webapi/ErrorProcessor.php(139): Magento\Framework\Webapi\ErrorProcessor->_critical(Object(ReflectionException))
#1 /home/whitespacestudio/public_html/freshbox/api/vendor/magento/module-webapi/Controller/Rest.php(219): Magento\Framework\Webapi\ErrorProcessor->maskException(Object(ReflectionException))
#2 /home/whitespacestudio/public_html/freshbox/api/vendor/magento/framework/Interception/Interceptor.php(146): Magento\Webapi\Controller\Rest->dispatch(Object(Magento\Framework\App\Request\Http))
#3 /home/whitespacestudio/public_html/freshbox/api/var/generation/Magento/Webapi/Controller/Rest/Interceptor.php(39): Magento\Webapi\Controller\Rest\Interceptor->___callPlugins('dispatch', Array, Array)
#4 /home/whitespacestudio/public_html/freshbox/api/vendor/magento/framework/App/Http.php(135): Magento\Webapi\Controller\Rest\Interceptor->dispatch(Object(Magento\Framework\App\Request\Http))
#5 /home/whitespacestudio/public_html/freshbox/api/vendor/magento/framework/App/Bootstrap.php(258): Magento\Framework\App\Http->launch()
#6 /home/whitespacestudio/public_html/freshbox/api/index.php(39): Magento\Framework\App\Bootstrap->run(Object(Magento\Framework\App\Http))
#7 {main} [] []
[2017-11-11 08:48:06] main.CRITICAL: LogicException: Property "AdditionalInformation" does not have corresponding setter in class "Magento\Quote\Api\Data\PaymentInterface". in /home/whitespacestudio/public_html/freshbox/api/vendor/magento/framework/Reflection/NameFinder.php:100
Stack trace:
#0 /home/whitespacestudio/public_html/freshbox/api/vendor/magento/framework/Reflection/NameFinder.php(59): Magento\Framework\Reflection\NameFinder->findAccessorMethodName(Object(Zend\Code\Reflection\ClassReflection), 'AdditionalInfor...', 'getAdditionalIn...', 'isAdditionalInf...')
#1 /home/whitespacestudio/public_html/freshbox/api/vendor/magento/framework/Webapi/ServiceInputProcessor.php(158): Magento\Framework\Reflection\NameFinder->getGetterMethodName(Object(Zend\Code\Reflection\ClassReflection), 'AdditionalInfor...')
#2 /home/whitespacestudio/public_html/freshbox/api/vendor/magento/framework/Webapi/ServiceInputProcessor.php(322): Magento\Framework\Webapi\ServiceInputProcessor->_createFromArray('Magento\\Quote\\A...', Array)
#3 /home/whitespacestudio/public_html/freshbox/api/vendor/magento/framework/Webapi/ServiceInputProcessor.php(119): Magento\Framework\Webapi\ServiceInputProcessor->convertValue(Array, 'Magento\\Quote\\A...')
#4 /home/whitespacestudio/public_html/freshbox/api/vendor/magento/module-webapi/Controller/Rest/InputParamsResolver.php(101): Magento\Framework\Webapi\ServiceInputProcessor->process('Magento\\Checkou...', 'savePaymentInfo...', Array)
#5 /home/whitespacestudio/public_html/freshbox/api/vendor/magento/module-webapi/Controller/Rest.php(299): Magento\Webapi\Controller\Rest\InputParamsResolver->resolve()
#6 /home/whitespacestudio/public_html/freshbox/api/vendor/magento/module-webapi/Controller/Rest.php(216): Magento\Webapi\Controller\Rest->processApiRequest()
#7 /home/whitespacestudio/public_html/freshbox/api/vendor/magento/framework/Interception/Interceptor.php(146): Magento\Webapi\Controller\Rest->dispatch(Object(Magento\Framework\App\Request\Http))
#8 /home/whitespacestudio/public_html/freshbox/api/var/generation/Magento/Webapi/Controller/Rest/Interceptor.php(39): Magento\Webapi\Controller\Rest\Interceptor->___callPlugins('dispatch', Array, Array)
#9 /home/whitespacestudio/public_html/freshbox/api/vendor/magento/framework/App/Http.php(135): Magento\Webapi\Controller\Rest\Interceptor->dispatch(Object(Magento\Framework\App\Request\Http))
#10 /home/whitespacestudio/public_html/freshbox/api/vendor/magento/framework/App/Bootstrap.php(258): Magento\Framework\App\Http->launch()
#11 /home/whitespacestudio/public_html/freshbox/api/index.php(39): Magento\Framework\App\Bootstrap->run(Object(Magento\Framework\App\Http))
#12 {main}

Next Exception: Report ID: webapi-5a06b946db638; Message: Property "AdditionalInformation" does not have corresponding setter in class "Magento\Quote\Api\Data\PaymentInterface". in /home/whitespacestudio/public_html/freshbox/api/vendor/magento/framework/Webapi/ErrorProcessor.php:195
Stack trace:
#0 /home/whitespacestudio/public_html/freshbox/api/vendor/magento/framework/Webapi/ErrorProcessor.php(139): Magento\Framework\Webapi\ErrorProcessor->_critical(Object(LogicException))
#1 /home/whitespacestudio/public_html/freshbox/api/vendor/magento/module-webapi/Controller/Rest.php(219): Magento\Framework\Webapi\ErrorProcessor->maskException(Object(LogicException))
#2 /home/whitespacestudio/public_html/freshbox/api/vendor/magento/framework/Interception/Interceptor.php(146): Magento\Webapi\Controller\Rest->dispatch(Object(Magento\Framework\App\Request\Http))
#3 /home/whitespacestudio/public_html/freshbox/api/var/generation/Magento/Webapi/Controller/Rest/Interceptor.php(39): Magento\Webapi\Controller\Rest\Interceptor->___callPlugins('dispatch', Array, Array)
#4 /home/whitespacestudio/public_html/freshbox/api/vendor/magento/framework/App/Http.php(135): Magento\Webapi\Controller\Rest\Interceptor->dispatch(Object(Magento\Framework\App\Request\Http))
#5 /home/whitespacestudio/public_html/freshbox/api/vendor/magento/framework/App/Bootstrap.php(258): Magento\Framework\App\Http->launch()
#6 /home/whitespacestudio/public_html/freshbox/api/index.php(39): Magento\Framework\App\Bootstrap->run(Object(Magento\Framework\App\Http))
#7 {main} [] []
[2017-11-11 14:04:56] main.CRITICAL: ReflectionException: Class arr does not exist in /home/whitespacestudio/public_html/freshbox/api/vendor/magento/framework/Reflection/MethodsMap.php:149
Stack trace:
#0 /home/whitespacestudio/public_html/freshbox/api/vendor/magento/framework/Reflection/MethodsMap.php(149): ReflectionClass->__construct('arr')
#1 /home/whitespacestudio/public_html/freshbox/api/vendor/magento/framework/Reflection/MethodsMap.php(100): Magento\Framework\Reflection\MethodsMap->getMethodMapViaReflection('arr')
#2 /home/whitespacestudio/public_html/freshbox/api/vendor/magento/framework/Reflection/DataObjectProcessor.php(77): Magento\Framework\Reflection\MethodsMap->getMethodsMap('arr')
#3 /home/whitespacestudio/public_html/freshbox/api/vendor/magento/framework/Webapi/ServiceOutputProcessor.php(99): Magento\Framework\Reflection\DataObjectProcessor->buildOutputDataArray(Object(Magento\Quote\Model\Quote\Item), 'arr')
#4 /home/whitespacestudio/public_html/freshbox/api/vendor/magento/framework/Webapi/ServiceOutputProcessor.php(59): Magento\Framework\Webapi\ServiceOutputProcessor->convertValue(Array, 'array')
#5 /home/whitespacestudio/public_html/freshbox/api/vendor/magento/module-webapi/Controller/Rest.php(311): Magento\Framework\Webapi\ServiceOutputProcessor->process(Array, 'Freshbox\\Cookbo...', 'addtocartrecipe')
#6 /home/whitespacestudio/public_html/freshbox/api/vendor/magento/module-webapi/Controller/Rest.php(216): Magento\Webapi\Controller\Rest->processApiRequest()
#7 /home/whitespacestudio/public_html/freshbox/api/vendor/magento/framework/Interception/Interceptor.php(146): Magento\Webapi\Controller\Rest->dispatch(Object(Magento\Framework\App\Request\Http))
#8 /home/whitespacestudio/public_html/freshbox/api/var/generation/Magento/Webapi/Controller/Rest/Interceptor.php(39): Magento\Webapi\Controller\Rest\Interceptor->___callPlugins('dispatch', Array, Array)
#9 /home/whitespacestudio/public_html/freshbox/api/vendor/magento/framework/App/Http.php(135): Magento\Webapi\Controller\Rest\Interceptor->dispatch(Object(Magento\Framework\App\Request\Http))
#10 /home/whitespacestudio/public_html/freshbox/api/vendor/magento/framework/App/Bootstrap.php(258): Magento\Framework\App\Http->launch()
#11 /home/whitespacestudio/public_html/freshbox/api/index.php(39): Magento\Framework\App\Bootstrap->run(Object(Magento\Framework\App\Http))
#12 {main}

Next Exception: Report ID: webapi-5a0703881f9b6; Message: Class arr does not exist in /home/whitespacestudio/public_html/freshbox/api/vendor/magento/framework/Webapi/ErrorProcessor.php:195
Stack trace:
#0 /home/whitespacestudio/public_html/freshbox/api/vendor/magento/framework/Webapi/ErrorProcessor.php(139): Magento\Framework\Webapi\ErrorProcessor->_critical(Object(ReflectionException))
#1 /home/whitespacestudio/public_html/freshbox/api/vendor/magento/module-webapi/Controller/Rest.php(219): Magento\Framework\Webapi\ErrorProcessor->maskException(Object(ReflectionException))
#2 /home/whitespacestudio/public_html/freshbox/api/vendor/magento/framework/Interception/Interceptor.php(146): Magento\Webapi\Controller\Rest->dispatch(Object(Magento\Framework\App\Request\Http))
#3 /home/whitespacestudio/public_html/freshbox/api/var/generation/Magento/Webapi/Controller/Rest/Interceptor.php(39): Magento\Webapi\Controller\Rest\Interceptor->___callPlugins('dispatch', Array, Array)
#4 /home/whitespacestudio/public_html/freshbox/api/vendor/magento/framework/App/Http.php(135): Magento\Webapi\Controller\Rest\Interceptor->dispatch(Object(Magento\Framework\App\Request\Http))
#5 /home/whitespacestudio/public_html/freshbox/api/vendor/magento/framework/App/Bootstrap.php(258): Magento\Framework\App\Http->launch()
#6 /home/whitespacestudio/public_html/freshbox/api/index.php(39): Magento\Framework\App\Bootstrap->run(Object(Magento\Framework\App\Http))
#7 {main} [] []
[2017-11-11 14:17:41] main.CRITICAL: ReflectionException: Class arr does not exist in /home/whitespacestudio/public_html/freshbox/api/vendor/magento/framework/Reflection/MethodsMap.php:149
Stack trace:
#0 /home/whitespacestudio/public_html/freshbox/api/vendor/magento/framework/Reflection/MethodsMap.php(149): ReflectionClass->__construct('arr')
#1 /home/whitespacestudio/public_html/freshbox/api/vendor/magento/framework/Reflection/MethodsMap.php(100): Magento\Framework\Reflection\MethodsMap->getMethodMapViaReflection('arr')
#2 /home/whitespacestudio/public_html/freshbox/api/vendor/magento/framework/Reflection/DataObjectProcessor.php(77): Magento\Framework\Reflection\MethodsMap->getMethodsMap('arr')
#3 /home/whitespacestudio/public_html/freshbox/api/vendor/magento/framework/Webapi/ServiceOutputProcessor.php(99): Magento\Framework\Reflection\DataObjectProcessor->buildOutputDataArray(Object(Magento\Quote\Model\Quote\Item), 'arr')
#4 /home/whitespacestudio/public_html/freshbox/api/vendor/magento/framework/Webapi/ServiceOutputProcessor.php(59): Magento\Framework\Webapi\ServiceOutputProcessor->convertValue(Array, 'array')
#5 /home/whitespacestudio/public_html/freshbox/api/vendor/magento/module-webapi/Controller/Rest.php(311): Magento\Framework\Webapi\ServiceOutputProcessor->process(Array, 'Freshbox\\Cookbo...', 'addtocartrecipe')
#6 /home/whitespacestudio/public_html/freshbox/api/vendor/magento/module-webapi/Controller/Rest.php(216): Magento\Webapi\Controller\Rest->processApiRequest()
#7 /home/whitespacestudio/public_html/freshbox/api/vendor/magento/framework/Interception/Interceptor.php(146): Magento\Webapi\Controller\Rest->dispatch(Object(Magento\Framework\App\Request\Http))
#8 /home/whitespacestudio/public_html/freshbox/api/var/generation/Magento/Webapi/Controller/Rest/Interceptor.php(39): Magento\Webapi\Controller\Rest\Interceptor->___callPlugins('dispatch', Array, Array)
#9 /home/whitespacestudio/public_html/freshbox/api/vendor/magento/framework/App/Http.php(135): Magento\Webapi\Controller\Rest\Interceptor->dispatch(Object(Magento\Framework\App\Request\Http))
#10 /home/whitespacestudio/public_html/freshbox/api/vendor/magento/framework/App/Bootstrap.php(258): Magento\Framework\App\Http->launch()
#11 /home/whitespacestudio/public_html/freshbox/api/index.php(39): Magento\Framework\App\Bootstrap->run(Object(Magento\Framework\App\Http))
#12 {main}

Next Exception: Report ID: webapi-5a0706850b8f5; Message: Class arr does not exist in /home/whitespacestudio/public_html/freshbox/api/vendor/magento/framework/Webapi/ErrorProcessor.php:195
Stack trace:
#0 /home/whitespacestudio/public_html/freshbox/api/vendor/magento/framework/Webapi/ErrorProcessor.php(139): Magento\Framework\Webapi\ErrorProcessor->_critical(Object(ReflectionException))
#1 /home/whitespacestudio/public_html/freshbox/api/vendor/magento/module-webapi/Controller/Rest.php(219): Magento\Framework\Webapi\ErrorProcessor->maskException(Object(ReflectionException))
#2 /home/whitespacestudio/public_html/freshbox/api/vendor/magento/framework/Interception/Interceptor.php(146): Magento\Webapi\Controller\Rest->dispatch(Object(Magento\Framework\App\Request\Http))
#3 /home/whitespacestudio/public_html/freshbox/api/var/generation/Magento/Webapi/Controller/Rest/Interceptor.php(39): Magento\Webapi\Controller\Rest\Interceptor->___callPlugins('dispatch', Array, Array)
#4 /home/whitespacestudio/public_html/freshbox/api/vendor/magento/framework/App/Http.php(135): Magento\Webapi\Controller\Rest\Interceptor->dispatch(Object(Magento\Framework\App\Request\Http))
#5 /home/whitespacestudio/public_html/freshbox/api/vendor/magento/framework/App/Bootstrap.php(258): Magento\Framework\App\Http->launch()
#6 /home/whitespacestudio/public_html/freshbox/api/index.php(39): Magento\Framework\App\Bootstrap->run(Object(Magento\Framework\App\Http))
#7 {main} [] []
[2017-11-11 14:19:20] main.CRITICAL: ReflectionException: Class arr does not exist in /home/whitespacestudio/public_html/freshbox/api/vendor/magento/framework/Reflection/MethodsMap.php:149
Stack trace:
#0 /home/whitespacestudio/public_html/freshbox/api/vendor/magento/framework/Reflection/MethodsMap.php(149): ReflectionClass->__construct('arr')
#1 /home/whitespacestudio/public_html/freshbox/api/vendor/magento/framework/Reflection/MethodsMap.php(100): Magento\Framework\Reflection\MethodsMap->getMethodMapViaReflection('arr')
#2 /home/whitespacestudio/public_html/freshbox/api/vendor/magento/framework/Reflection/DataObjectProcessor.php(77): Magento\Framework\Reflection\MethodsMap->getMethodsMap('arr')
#3 /home/whitespacestudio/public_html/freshbox/api/vendor/magento/framework/Webapi/ServiceOutputProcessor.php(99): Magento\Framework\Reflection\DataObjectProcessor->buildOutputDataArray(Object(Magento\Quote\Model\Quote\Item), 'arr')
#4 /home/whitespacestudio/public_html/freshbox/api/vendor/magento/framework/Webapi/ServiceOutputProcessor.php(59): Magento\Framework\Webapi\ServiceOutputProcessor->convertValue(Array, 'array')
#5 /home/whitespacestudio/public_html/freshbox/api/vendor/magento/module-webapi/Controller/Rest.php(311): Magento\Framework\Webapi\ServiceOutputProcessor->process(Array, 'Freshbox\\Cookbo...', 'addtocartrecipe')
#6 /home/whitespacestudio/public_html/freshbox/api/vendor/magento/module-webapi/Controller/Rest.php(216): Magento\Webapi\Controller\Rest->processApiRequest()
#7 /home/whitespacestudio/public_html/freshbox/api/vendor/magento/framework/Interception/Interceptor.php(146): Magento\Webapi\Controller\Rest->dispatch(Object(Magento\Framework\App\Request\Http))
#8 /home/whitespacestudio/public_html/freshbox/api/var/generation/Magento/Webapi/Controller/Rest/Interceptor.php(39): Magento\Webapi\Controller\Rest\Interceptor->___callPlugins('dispatch', Array, Array)
#9 /home/whitespacestudio/public_html/freshbox/api/vendor/magento/framework/App/Http.php(135): Magento\Webapi\Controller\Rest\Interceptor->dispatch(Object(Magento\Framework\App\Request\Http))
#10 /home/whitespacestudio/public_html/freshbox/api/vendor/magento/framework/App/Bootstrap.php(258): Magento\Framework\App\Http->launch()
#11 /home/whitespacestudio/public_html/freshbox/api/index.php(39): Magento\Framework\App\Bootstrap->run(Object(Magento\Framework\App\Http))
#12 {main}

Next Exception: Report ID: webapi-5a0706e8df41a; Message: Class arr does not exist in /home/whitespacestudio/public_html/freshbox/api/vendor/magento/framework/Webapi/ErrorProcessor.php:195
Stack trace:
#0 /home/whitespacestudio/public_html/freshbox/api/vendor/magento/framework/Webapi/ErrorProcessor.php(139): Magento\Framework\Webapi\ErrorProcessor->_critical(Object(ReflectionException))
#1 /home/whitespacestudio/public_html/freshbox/api/vendor/magento/module-webapi/Controller/Rest.php(219): Magento\Framework\Webapi\ErrorProcessor->maskException(Object(ReflectionException))
#2 /home/whitespacestudio/public_html/freshbox/api/vendor/magento/framework/Interception/Interceptor.php(146): Magento\Webapi\Controller\Rest->dispatch(Object(Magento\Framework\App\Request\Http))
#3 /home/whitespacestudio/public_html/freshbox/api/var/generation/Magento/Webapi/Controller/Rest/Interceptor.php(39): Magento\Webapi\Controller\Rest\Interceptor->___callPlugins('dispatch', Array, Array)
#4 /home/whitespacestudio/public_html/freshbox/api/vendor/magento/framework/App/Http.php(135): Magento\Webapi\Controller\Rest\Interceptor->dispatch(Object(Magento\Framework\App\Request\Http))
#5 /home/whitespacestudio/public_html/freshbox/api/vendor/magento/framework/App/Bootstrap.php(258): Magento\Framework\App\Http->launch()
#6 /home/whitespacestudio/public_html/freshbox/api/index.php(39): Magento\Framework\App\Bootstrap->run(Object(Magento\Framework\App\Http))
#7 {main} [] []
[2017-11-11 14:19:21] main.CRITICAL: ReflectionException: Class arr does not exist in /home/whitespacestudio/public_html/freshbox/api/vendor/magento/framework/Reflection/MethodsMap.php:149
Stack trace:
#0 /home/whitespacestudio/public_html/freshbox/api/vendor/magento/framework/Reflection/MethodsMap.php(149): ReflectionClass->__construct('arr')
#1 /home/whitespacestudio/public_html/freshbox/api/vendor/magento/framework/Reflection/MethodsMap.php(100): Magento\Framework\Reflection\MethodsMap->getMethodMapViaReflection('arr')
#2 /home/whitespacestudio/public_html/freshbox/api/vendor/magento/framework/Reflection/DataObjectProcessor.php(77): Magento\Framework\Reflection\MethodsMap->getMethodsMap('arr')
#3 /home/whitespacestudio/public_html/freshbox/api/vendor/magento/framework/Webapi/ServiceOutputProcessor.php(99): Magento\Framework\Reflection\DataObjectProcessor->buildOutputDataArray(Object(Magento\Quote\Model\Quote\Item), 'arr')
#4 /home/whitespacestudio/public_html/freshbox/api/vendor/magento/framework/Webapi/ServiceOutputProcessor.php(59): Magento\Framework\Webapi\ServiceOutputProcessor->convertValue(Array, 'array')
#5 /home/whitespacestudio/public_html/freshbox/api/vendor/magento/module-webapi/Controller/Rest.php(311): Magento\Framework\Webapi\ServiceOutputProcessor->process(Array, 'Freshbox\\Cookbo...', 'addtocartrecipe')
#6 /home/whitespacestudio/public_html/freshbox/api/vendor/magento/module-webapi/Controller/Rest.php(216): Magento\Webapi\Controller\Rest->processApiRequest()
#7 /home/whitespacestudio/public_html/freshbox/api/vendor/magento/framework/Interception/Interceptor.php(146): Magento\Webapi\Controller\Rest->dispatch(Object(Magento\Framework\App\Request\Http))
#8 /home/whitespacestudio/public_html/freshbox/api/var/generation/Magento/Webapi/Controller/Rest/Interceptor.php(39): Magento\Webapi\Controller\Rest\Interceptor->___callPlugins('dispatch', Array, Array)
#9 /home/whitespacestudio/public_html/freshbox/api/vendor/magento/framework/App/Http.php(135): Magento\Webapi\Controller\Rest\Interceptor->dispatch(Object(Magento\Framework\App\Request\Http))
#10 /home/whitespacestudio/public_html/freshbox/api/vendor/magento/framework/App/Bootstrap.php(258): Magento\Framework\App\Http->launch()
#11 /home/whitespacestudio/public_html/freshbox/api/index.php(39): Magento\Framework\App\Bootstrap->run(Object(Magento\Framework\App\Http))
#12 {main}

Next Exception: Report ID: webapi-5a0706e96cac3; Message: Class arr does not exist in /home/whitespacestudio/public_html/freshbox/api/vendor/magento/framework/Webapi/ErrorProcessor.php:195
Stack trace:
#0 /home/whitespacestudio/public_html/freshbox/api/vendor/magento/framework/Webapi/ErrorProcessor.php(139): Magento\Framework\Webapi\ErrorProcessor->_critical(Object(ReflectionException))
#1 /home/whitespacestudio/public_html/freshbox/api/vendor/magento/module-webapi/Controller/Rest.php(219): Magento\Framework\Webapi\ErrorProcessor->maskException(Object(ReflectionException))
#2 /home/whitespacestudio/public_html/freshbox/api/vendor/magento/framework/Interception/Interceptor.php(146): Magento\Webapi\Controller\Rest->dispatch(Object(Magento\Framework\App\Request\Http))
#3 /home/whitespacestudio/public_html/freshbox/api/var/generation/Magento/Webapi/Controller/Rest/Interceptor.php(39): Magento\Webapi\Controller\Rest\Interceptor->___callPlugins('dispatch', Array, Array)
#4 /home/whitespacestudio/public_html/freshbox/api/vendor/magento/framework/App/Http.php(135): Magento\Webapi\Controller\Rest\Interceptor->dispatch(Object(Magento\Framework\App\Request\Http))
#5 /home/whitespacestudio/public_html/freshbox/api/vendor/magento/framework/App/Bootstrap.php(258): Magento\Framework\App\Http->launch()
#6 /home/whitespacestudio/public_html/freshbox/api/index.php(39): Magento\Framework\App\Bootstrap->run(Object(Magento\Framework\App\Http))
#7 {main} [] []
